<?xml version="1.0" encoding="UTF-8"?>
<!-- Generated by org.testng.reporters.JUnitReportReporter -->
<testsuite hostname="tumendra-PC-PC" name="TC_01_Product_Test.TC_01_create_Product_with_quick_Create_Test" tests="1" failures="0" timestamp="29 Apr 2021 07:11:06 GMT" time="47.357" errors="0">
  <testcase name="TC1" time="47.357" classname="TC_01_Product_Test.TC_01_create_Product_with_quick_Create_Test"/>
</testsuite> <!-- TC_01_Product_Test.TC_01_create_Product_with_quick_Create_Test -->
