<?xml version="1.0" encoding="UTF-8"?>
<!-- Generated by org.testng.reporters.JUnitReportReporter -->
<testsuite hostname="tumendra-PC-PC" name="tyss.demomaven.test1" tests="1" failures="0" timestamp="28 Apr 2021 13:16:05 GMT" time="76.682" errors="0">
  <testcase name="createOrganization" time="76.682" classname="tyss.demomaven.test1"/>
</testsuite> <!-- tyss.demomaven.test1 -->
