<?xml version="1.0" encoding="UTF-8"?>
<!-- Generated by org.testng.reporters.JUnitReportReporter -->
<testsuite hostname="tumendra-PC-PC" name="tyss.demomaven.captureDynamictable" tests="1" failures="0" timestamp="28 Apr 2021 18:05:04 GMT" time="34.096" errors="0">
  <testcase name="captureOrgName" time="34.096" classname="tyss.demomaven.captureDynamictable"/>
</testsuite> <!-- tyss.demomaven.captureDynamictable -->
