<?xml version="1.0" encoding="UTF-8"?>
<!-- Generated by org.testng.reporters.JUnitReportReporter -->
<testsuite hostname="tumendra-PC-PC" name="TC_01_Product_Test.data_file" tests="1" failures="0" timestamp="29 Apr 2021 06:30:01 GMT" time="19.753" errors="0">
  <testcase name="dataproperties" time="19.753" classname="TC_01_Product_Test.data_file"/>
</testsuite> <!-- TC_01_Product_Test.data_file -->
