<?xml version="1.0" encoding="UTF-8"?>
<!-- Generated by org.testng.reporters.JUnitReportReporter -->
<testsuite hostname="tumendra-PC-PC" name="TC_01_Product_Test.TC5" tests="1" failures="0" timestamp="29 Apr 2021 06:10:47 GMT" time="112.014" errors="0">
  <testcase name="TC1" time="112.014" classname="TC_01_Product_Test.TC5"/>
</testsuite> <!-- TC_01_Product_Test.TC5 -->
