<?xml version="1.0" encoding="UTF-8"?>
<!-- Generated by org.testng.reporters.JUnitReportReporter -->
<testsuite hostname="tumendra-PC-PC" name="TC_01_Product_Test.TC1" tests="1" failures="0" timestamp="29 Apr 2021 06:35:02 GMT" time="56.625" errors="0">
  <testcase name="TC1" time="56.625" classname="TC_01_Product_Test.TC1"/>
</testsuite> <!-- TC_01_Product_Test.TC1 -->
